<component name="libraryTable">
  <library name="junit-4.0">
    <CLASSES>
      <root url="jar://$PROJECT_DIR$/junit-4.0.jar!/" />
    </CLASSES>
    <JAVADOC />
    <SOURCES />
    <jarDirectory url="jar://$PROJECT_DIR$/junit-4.0.jar!/" recursive="false" />
  </library>
</component>